/home/andy/anaconda3/envs/star/bin/python /home/andy/PycharmProjects/STAR/star/etl/etl_control.py -C /home/andy/PycharmProjects/STAR/star/config/star.yml
2017-05-10 22:00:46,834 | INFO | log:7 | Begin
2017-05-10 22:00:46,834 | INFO | etl_control:88 | Cleaning raw STAGING to CLEAN
2017-05-10 22:00:46,840 | INFO | etl_control:31 | ETL batch: 1
2017-05-10 22:00:54,870 | INFO | etl_control:51 | Writing to raw_archive: 10000
2017-05-10 22:00:56,643 | INFO | etl_control:51 | Writing to clean_staging: 10000
2017-05-10 22:00:58,414 | INFO | etl_control:59 | Deleted from STAGING: 10000
2017-05-10 22:00:58,414 | INFO | etl_control:31 | ETL batch: 2
2017-05-10 22:01:06,778 | INFO | etl_control:51 | Writing to raw_archive: 10000
2017-05-10 22:01:08,615 | INFO | etl_control:51 | Writing to clean_staging: 10000
2017-05-10 22:01:10,315 | INFO | etl_control:59 | Deleted from STAGING: 10000
2017-05-10 22:01:10,315 | INFO | etl_control:31 | ETL batch: 3
2017-05-10 22:01:18,215 | INFO | etl_control:51 | Writing to raw_archive: 10000
2017-05-10 22:01:20,046 | INFO | etl_control:51 | Writing to clean_staging: 10000
2017-05-10 22:01:21,840 | INFO | etl_control:59 | Deleted from STAGING: 10000
2017-05-10 22:01:21,840 | INFO | etl_control:31 | ETL batch: 4
2017-05-10 22:01:30,183 | INFO | etl_control:51 | Writing to raw_archive: 10000
2017-05-10 22:01:31,999 | INFO | etl_control:51 | Writing to clean_staging: 10000
2017-05-10 22:01:33,722 | INFO | etl_control:59 | Deleted from STAGING: 10000
2017-05-10 22:01:33,722 | INFO | etl_control:31 | ETL batch: 5
2017-05-10 22:01:41,765 | INFO | etl_control:51 | Writing to raw_archive: 10000
2017-05-10 22:01:43,541 | INFO | etl_control:51 | Writing to clean_staging: 10000
2017-05-10 22:01:45,268 | INFO | etl_control:59 | Deleted from STAGING: 10000
2017-05-10 22:01:45,268 | INFO | etl_control:31 | ETL batch: 6
2017-05-10 22:01:53,216 | INFO | etl_control:51 | Writing to raw_archive: 10000
2017-05-10 22:01:55,008 | INFO | etl_control:51 | Writing to clean_staging: 10000
2017-05-10 22:01:56,812 | INFO | etl_control:59 | Deleted from STAGING: 10000
2017-05-10 22:01:56,812 | INFO | etl_control:31 | ETL batch: 7
2017-05-10 22:02:04,758 | INFO | etl_control:51 | Writing to raw_archive: 10000
2017-05-10 22:02:06,566 | INFO | etl_control:51 | Writing to clean_staging: 10000
2017-05-10 22:02:08,345 | INFO | etl_control:59 | Deleted from STAGING: 10000
2017-05-10 22:02:08,346 | INFO | etl_control:31 | ETL batch: 8
2017-05-10 22:02:16,321 | INFO | etl_control:51 | Writing to raw_archive: 10000
2017-05-10 22:02:18,108 | INFO | etl_control:51 | Writing to clean_staging: 10000
2017-05-10 22:02:19,847 | INFO | etl_control:59 | Deleted from STAGING: 10000
2017-05-10 22:02:19,848 | INFO | etl_control:31 | ETL batch: 9
2017-05-10 22:02:27,903 | INFO | etl_control:51 | Writing to raw_archive: 10000
2017-05-10 22:02:29,803 | INFO | etl_control:51 | Writing to clean_staging: 10000
2017-05-10 22:02:31,564 | INFO | etl_control:59 | Deleted from STAGING: 10000
2017-05-10 22:02:31,565 | INFO | etl_control:31 | ETL batch: 10
2017-05-10 22:02:39,961 | INFO | etl_control:51 | Writing to raw_archive: 10000
2017-05-10 22:02:41,791 | INFO | etl_control:51 | Writing to clean_staging: 10000
2017-05-10 22:02:43,594 | INFO | etl_control:59 | Deleted from STAGING: 10000
2017-05-10 22:02:43,594 | INFO | etl_control:31 | ETL batch: 11
2017-05-10 22:02:51,654 | INFO | etl_control:51 | Writing to raw_archive: 10000
2017-05-10 22:02:53,623 | INFO | etl_control:51 | Writing to clean_staging: 10000
2017-05-10 22:02:55,336 | INFO | etl_control:59 | Deleted from STAGING: 10000
2017-05-10 22:02:55,336 | INFO | etl_control:31 | ETL batch: 12
2017-05-10 22:03:03,558 | INFO | etl_control:51 | Writing to raw_archive: 10000
2017-05-10 22:03:05,514 | INFO | etl_control:51 | Writing to clean_staging: 10000
2017-05-10 22:03:07,321 | INFO | etl_control:59 | Deleted from STAGING: 10000
2017-05-10 22:03:07,321 | INFO | etl_control:31 | ETL batch: 13
2017-05-10 22:03:15,810 | INFO | etl_control:51 | Writing to raw_archive: 10000
2017-05-10 22:03:17,712 | INFO | etl_control:51 | Writing to clean_staging: 10000
2017-05-10 22:03:19,430 | INFO | etl_control:59 | Deleted from STAGING: 10000
2017-05-10 22:03:19,430 | INFO | etl_control:31 | ETL batch: 14
2017-05-10 22:03:27,375 | INFO | etl_control:51 | Writing to raw_archive: 10000
2017-05-10 22:03:29,311 | INFO | etl_control:51 | Writing to clean_staging: 10000
2017-05-10 22:03:31,048 | INFO | etl_control:59 | Deleted from STAGING: 10000
2017-05-10 22:03:31,048 | INFO | etl_control:31 | ETL batch: 15
2017-05-10 22:03:39,232 | INFO | etl_control:51 | Writing to raw_archive: 10000
2017-05-10 22:03:41,138 | INFO | etl_control:51 | Writing to clean_staging: 10000
2017-05-10 22:03:42,930 | INFO | etl_control:59 | Deleted from STAGING: 10000
2017-05-10 22:03:42,930 | INFO | etl_control:31 | ETL batch: 16
2017-05-10 22:03:50,891 | INFO | etl_control:51 | Writing to raw_archive: 10000
2017-05-10 22:03:52,741 | INFO | etl_control:51 | Writing to clean_staging: 10000
2017-05-10 22:03:54,432 | INFO | etl_control:59 | Deleted from STAGING: 10000
2017-05-10 22:03:54,433 | INFO | etl_control:31 | ETL batch: 17
2017-05-10 22:04:02,433 | INFO | etl_control:51 | Writing to raw_archive: 10000
2017-05-10 22:04:04,316 | INFO | etl_control:51 | Writing to clean_staging: 10000
2017-05-10 22:04:06,025 | INFO | etl_control:59 | Deleted from STAGING: 10000
2017-05-10 22:04:06,025 | INFO | etl_control:31 | ETL batch: 18
2017-05-10 22:04:14,192 | INFO | etl_control:51 | Writing to raw_archive: 10000
2017-05-10 22:04:16,078 | INFO | etl_control:51 | Writing to clean_staging: 10000
2017-05-10 22:04:17,852 | INFO | etl_control:59 | Deleted from STAGING: 10000
2017-05-10 22:04:17,852 | INFO | etl_control:31 | ETL batch: 19
2017-05-10 22:04:26,010 | INFO | etl_control:51 | Writing to raw_archive: 10000
2017-05-10 22:04:27,926 | INFO | etl_control:51 | Writing to clean_staging: 10000
2017-05-10 22:04:29,689 | INFO | etl_control:59 | Deleted from STAGING: 10000
2017-05-10 22:04:29,690 | INFO | etl_control:31 | ETL batch: 20
2017-05-10 22:04:37,789 | INFO | etl_control:51 | Writing to raw_archive: 10000
2017-05-10 22:04:39,714 | INFO | etl_control:51 | Writing to clean_staging: 10000
2017-05-10 22:04:41,437 | INFO | etl_control:59 | Deleted from STAGING: 10000
2017-05-10 22:04:41,437 | INFO | etl_control:31 | ETL batch: 21
2017-05-10 22:04:49,540 | INFO | etl_control:51 | Writing to raw_archive: 10000
2017-05-10 22:04:51,437 | INFO | etl_control:51 | Writing to clean_staging: 10000
2017-05-10 22:04:53,195 | INFO | etl_control:59 | Deleted from STAGING: 10000
2017-05-10 22:04:53,195 | INFO | etl_control:31 | ETL batch: 22
2017-05-10 22:05:01,290 | INFO | etl_control:51 | Writing to raw_archive: 10000
2017-05-10 22:05:03,348 | INFO | etl_control:51 | Writing to clean_staging: 10000
2017-05-10 22:05:05,106 | INFO | etl_control:59 | Deleted from STAGING: 10000
2017-05-10 22:05:05,106 | INFO | etl_control:31 | ETL batch: 23
2017-05-10 22:05:13,258 | INFO | etl_control:51 | Writing to raw_archive: 10000
2017-05-10 22:05:15,259 | INFO | etl_control:51 | Writing to clean_staging: 10000
2017-05-10 22:05:16,970 | INFO | etl_control:59 | Deleted from STAGING: 10000
2017-05-10 22:05:16,970 | INFO | etl_control:31 | ETL batch: 24
2017-05-10 22:05:25,070 | INFO | etl_control:51 | Writing to raw_archive: 10000
2017-05-10 22:05:27,048 | INFO | etl_control:51 | Writing to clean_staging: 10000
2017-05-10 22:05:28,778 | INFO | etl_control:59 | Deleted from STAGING: 10000
2017-05-10 22:05:28,779 | INFO | etl_control:31 | ETL batch: 25
2017-05-10 22:05:36,963 | INFO | etl_control:51 | Writing to raw_archive: 10000
2017-05-10 22:05:38,982 | INFO | etl_control:51 | Writing to clean_staging: 10000
2017-05-10 22:05:40,751 | INFO | etl_control:59 | Deleted from STAGING: 10000
2017-05-10 22:05:40,752 | INFO | etl_control:31 | ETL batch: 26
2017-05-10 22:05:48,911 | INFO | etl_control:51 | Writing to raw_archive: 10000
2017-05-10 22:05:50,933 | INFO | etl_control:51 | Writing to clean_staging: 10000
2017-05-10 22:05:52,678 | INFO | etl_control:59 | Deleted from STAGING: 10000
2017-05-10 22:05:52,678 | INFO | etl_control:31 | ETL batch: 27
2017-05-10 22:06:00,927 | INFO | etl_control:51 | Writing to raw_archive: 10000
2017-05-10 22:06:02,999 | INFO | etl_control:51 | Writing to clean_staging: 10000
2017-05-10 22:06:04,792 | INFO | etl_control:59 | Deleted from STAGING: 10000
2017-05-10 22:06:04,793 | INFO | etl_control:31 | ETL batch: 28
2017-05-10 22:06:13,061 | INFO | etl_control:51 | Writing to raw_archive: 10000
2017-05-10 22:06:15,034 | INFO | etl_control:51 | Writing to clean_staging: 10000
2017-05-10 22:06:16,792 | INFO | etl_control:59 | Deleted from STAGING: 10000
2017-05-10 22:06:16,792 | INFO | etl_control:31 | ETL batch: 29
2017-05-10 22:06:25,361 | INFO | etl_control:51 | Writing to raw_archive: 10000
2017-05-10 22:06:27,419 | INFO | etl_control:51 | Writing to clean_staging: 10000
2017-05-10 22:06:29,124 | INFO | etl_control:59 | Deleted from STAGING: 10000
2017-05-10 22:06:29,124 | INFO | etl_control:31 | ETL batch: 30
2017-05-10 22:06:37,500 | INFO | etl_control:51 | Writing to raw_archive: 10000
2017-05-10 22:06:39,564 | INFO | etl_control:51 | Writing to clean_staging: 10000
2017-05-10 22:06:41,294 | INFO | etl_control:59 | Deleted from STAGING: 10000
2017-05-10 22:06:41,294 | INFO | etl_control:31 | ETL batch: 31
2017-05-10 22:06:49,544 | INFO | etl_control:51 | Writing to raw_archive: 10000
2017-05-10 22:06:51,549 | INFO | etl_control:51 | Writing to clean_staging: 10000
2017-05-10 22:06:53,323 | INFO | etl_control:59 | Deleted from STAGING: 10000
2017-05-10 22:06:53,323 | INFO | etl_control:31 | ETL batch: 32
2017-05-10 22:07:01,771 | INFO | etl_control:51 | Writing to raw_archive: 10000
2017-05-10 22:07:03,854 | INFO | etl_control:51 | Writing to clean_staging: 10000
2017-05-10 22:07:05,600 | INFO | etl_control:59 | Deleted from STAGING: 10000
2017-05-10 22:07:05,601 | INFO | etl_control:31 | ETL batch: 33
2017-05-10 22:07:13,703 | INFO | etl_control:51 | Writing to raw_archive: 10000
2017-05-10 22:07:15,743 | INFO | etl_control:51 | Writing to clean_staging: 10000
2017-05-10 22:07:17,455 | INFO | etl_control:59 | Deleted from STAGING: 10000
2017-05-10 22:07:17,455 | INFO | etl_control:31 | ETL batch: 34
2017-05-10 22:07:25,585 | INFO | etl_control:51 | Writing to raw_archive: 10000
2017-05-10 22:07:27,662 | INFO | etl_control:51 | Writing to clean_staging: 10000
2017-05-10 22:07:29,391 | INFO | etl_control:59 | Deleted from STAGING: 10000
2017-05-10 22:07:29,392 | INFO | etl_control:31 | ETL batch: 35
2017-05-10 22:07:37,558 | INFO | etl_control:51 | Writing to raw_archive: 10000
2017-05-10 22:07:39,621 | INFO | etl_control:51 | Writing to clean_staging: 10000
2017-05-10 22:07:41,360 | INFO | etl_control:59 | Deleted from STAGING: 10000
2017-05-10 22:07:41,361 | INFO | etl_control:31 | ETL batch: 36
2017-05-10 22:07:49,600 | INFO | etl_control:51 | Writing to raw_archive: 10000
2017-05-10 22:07:51,686 | INFO | etl_control:51 | Writing to clean_staging: 10000
2017-05-10 22:07:53,434 | INFO | etl_control:59 | Deleted from STAGING: 10000
2017-05-10 22:07:53,434 | INFO | etl_control:31 | ETL batch: 37
2017-05-10 22:08:01,656 | INFO | etl_control:51 | Writing to raw_archive: 10000
2017-05-10 22:08:03,689 | INFO | etl_control:51 | Writing to clean_staging: 10000
2017-05-10 22:08:05,434 | INFO | etl_control:59 | Deleted from STAGING: 10000
2017-05-10 22:08:05,434 | INFO | etl_control:31 | ETL batch: 38
2017-05-10 22:08:14,141 | INFO | etl_control:51 | Writing to raw_archive: 10000
2017-05-10 22:08:16,280 | INFO | etl_control:51 | Writing to clean_staging: 10000
2017-05-10 22:08:18,120 | INFO | etl_control:59 | Deleted from STAGING: 10000
2017-05-10 22:08:18,121 | INFO | etl_control:31 | ETL batch: 39
2017-05-10 22:08:26,355 | INFO | etl_control:51 | Writing to raw_archive: 10000
2017-05-10 22:08:28,437 | INFO | etl_control:51 | Writing to clean_staging: 10000
2017-05-10 22:08:30,180 | INFO | etl_control:59 | Deleted from STAGING: 10000
2017-05-10 22:08:30,181 | INFO | etl_control:31 | ETL batch: 40
2017-05-10 22:08:38,616 | INFO | etl_control:51 | Writing to raw_archive: 10000
2017-05-10 22:08:40,704 | INFO | etl_control:51 | Writing to clean_staging: 10000
2017-05-10 22:08:42,475 | INFO | etl_control:59 | Deleted from STAGING: 10000
2017-05-10 22:08:42,476 | INFO | etl_control:31 | ETL batch: 41
2017-05-10 22:08:50,693 | INFO | etl_control:51 | Writing to raw_archive: 10000
2017-05-10 22:08:52,807 | INFO | etl_control:51 | Writing to clean_staging: 10000
2017-05-10 22:08:54,552 | INFO | etl_control:59 | Deleted from STAGING: 10000
2017-05-10 22:08:54,553 | INFO | etl_control:31 | ETL batch: 42
2017-05-10 22:09:03,063 | INFO | etl_control:51 | Writing to raw_archive: 10000
2017-05-10 22:09:05,272 | INFO | etl_control:51 | Writing to clean_staging: 10000
2017-05-10 22:09:07,106 | INFO | etl_control:59 | Deleted from STAGING: 10000
2017-05-10 22:09:07,107 | INFO | etl_control:31 | ETL batch: 43
2017-05-10 22:09:15,332 | INFO | etl_control:51 | Writing to raw_archive: 10000
2017-05-10 22:09:17,393 | INFO | etl_control:51 | Writing to clean_staging: 10000
2017-05-10 22:09:19,065 | INFO | etl_control:59 | Deleted from STAGING: 10000
2017-05-10 22:09:19,065 | INFO | etl_control:31 | ETL batch: 44
2017-05-10 22:09:27,656 | INFO | etl_control:51 | Writing to raw_archive: 10000
2017-05-10 22:09:29,727 | INFO | etl_control:51 | Writing to clean_staging: 10000
2017-05-10 22:09:31,408 | INFO | etl_control:59 | Deleted from STAGING: 10000
2017-05-10 22:09:31,408 | INFO | etl_control:31 | ETL batch: 45
2017-05-10 22:09:40,326 | INFO | etl_control:51 | Writing to raw_archive: 10000
2017-05-10 22:09:42,444 | INFO | etl_control:51 | Writing to clean_staging: 10000
2017-05-10 22:09:44,127 | INFO | etl_control:59 | Deleted from STAGING: 10000
2017-05-10 22:09:44,127 | INFO | etl_control:31 | ETL batch: 46
2017-05-10 22:09:52,514 | INFO | etl_control:51 | Writing to raw_archive: 10000
2017-05-10 22:09:54,634 | INFO | etl_control:51 | Writing to clean_staging: 10000
2017-05-10 22:09:56,374 | INFO | etl_control:59 | Deleted from STAGING: 10000
2017-05-10 22:09:56,375 | INFO | etl_control:31 | ETL batch: 47
2017-05-10 22:10:04,680 | INFO | etl_control:51 | Writing to raw_archive: 10000
2017-05-10 22:10:06,770 | INFO | etl_control:51 | Writing to clean_staging: 10000
2017-05-10 22:10:08,532 | INFO | etl_control:59 | Deleted from STAGING: 10000
2017-05-10 22:10:08,532 | INFO | etl_control:31 | ETL batch: 48
2017-05-10 22:10:16,832 | INFO | etl_control:51 | Writing to raw_archive: 10000
2017-05-10 22:10:18,945 | INFO | etl_control:51 | Writing to clean_staging: 10000
2017-05-10 22:10:20,703 | INFO | etl_control:59 | Deleted from STAGING: 10000
2017-05-10 22:10:20,704 | INFO | etl_control:31 | ETL batch: 49
2017-05-10 22:10:29,056 | INFO | etl_control:51 | Writing to raw_archive: 10000
2017-05-10 22:10:31,190 | INFO | etl_control:51 | Writing to clean_staging: 10000
2017-05-10 22:10:32,941 | INFO | etl_control:59 | Deleted from STAGING: 10000
2017-05-10 22:10:32,941 | INFO | etl_control:31 | ETL batch: 50
2017-05-10 22:10:41,558 | INFO | etl_control:51 | Writing to raw_archive: 10000
2017-05-10 22:10:43,707 | INFO | etl_control:51 | Writing to clean_staging: 10000
2017-05-10 22:10:45,408 | INFO | etl_control:59 | Deleted from STAGING: 10000
2017-05-10 22:10:45,409 | INFO | etl_control:31 | ETL batch: 51
2017-05-10 22:10:54,112 | INFO | etl_control:51 | Writing to raw_archive: 10000
2017-05-10 22:10:56,318 | INFO | etl_control:51 | Writing to clean_staging: 10000
2017-05-10 22:10:58,080 | INFO | etl_control:59 | Deleted from STAGING: 10000
2017-05-10 22:10:58,081 | INFO | etl_control:31 | ETL batch: 52
2017-05-10 22:11:06,483 | INFO | etl_control:51 | Writing to raw_archive: 10000
2017-05-10 22:11:08,756 | INFO | etl_control:51 | Writing to clean_staging: 10000
2017-05-10 22:11:10,504 | INFO | etl_control:59 | Deleted from STAGING: 10000
2017-05-10 22:11:10,504 | INFO | etl_control:31 | ETL batch: 53
2017-05-10 22:11:19,235 | INFO | etl_control:51 | Writing to raw_archive: 10000
2017-05-10 22:11:21,480 | INFO | etl_control:51 | Writing to clean_staging: 10000
2017-05-10 22:11:23,233 | INFO | etl_control:59 | Deleted from STAGING: 10000
2017-05-10 22:11:23,233 | INFO | etl_control:31 | ETL batch: 54
2017-05-10 22:11:31,750 | INFO | etl_control:51 | Writing to raw_archive: 10000
2017-05-10 22:11:33,998 | INFO | etl_control:51 | Writing to clean_staging: 10000
2017-05-10 22:11:35,688 | INFO | etl_control:59 | Deleted from STAGING: 10000
2017-05-10 22:11:35,689 | INFO | etl_control:31 | ETL batch: 55
2017-05-10 22:11:44,229 | INFO | etl_control:51 | Writing to raw_archive: 10000
2017-05-10 22:11:46,439 | INFO | etl_control:51 | Writing to clean_staging: 10000
2017-05-10 22:11:48,157 | INFO | etl_control:59 | Deleted from STAGING: 10000
2017-05-10 22:11:48,157 | INFO | etl_control:31 | ETL batch: 56
2017-05-10 22:11:56,493 | INFO | etl_control:51 | Writing to raw_archive: 10000
2017-05-10 22:11:58,717 | INFO | etl_control:51 | Writing to clean_staging: 10000
2017-05-10 22:12:00,466 | INFO | etl_control:59 | Deleted from STAGING: 10000
2017-05-10 22:12:00,466 | INFO | etl_control:31 | ETL batch: 57
2017-05-10 22:12:08,852 | INFO | etl_control:51 | Writing to raw_archive: 10000
2017-05-10 22:12:11,034 | INFO | etl_control:51 | Writing to clean_staging: 10000
2017-05-10 22:12:12,858 | INFO | etl_control:59 | Deleted from STAGING: 10000
2017-05-10 22:12:12,858 | INFO | etl_control:31 | ETL batch: 58
2017-05-10 22:12:21,260 | INFO | etl_control:51 | Writing to raw_archive: 10000
2017-05-10 22:12:23,513 | INFO | etl_control:51 | Writing to clean_staging: 10000
2017-05-10 22:12:25,305 | INFO | etl_control:59 | Deleted from STAGING: 10000
2017-05-10 22:12:25,305 | INFO | etl_control:31 | ETL batch: 59
2017-05-10 22:12:33,757 | INFO | etl_control:51 | Writing to raw_archive: 10000
2017-05-10 22:12:36,030 | INFO | etl_control:51 | Writing to clean_staging: 10000
2017-05-10 22:12:37,818 | INFO | etl_control:59 | Deleted from STAGING: 10000
2017-05-10 22:12:37,818 | INFO | etl_control:31 | ETL batch: 60
2017-05-10 22:12:46,568 | INFO | etl_control:51 | Writing to raw_archive: 10000
2017-05-10 22:12:48,891 | INFO | etl_control:51 | Writing to clean_staging: 10000
2017-05-10 22:12:50,703 | INFO | etl_control:59 | Deleted from STAGING: 10000
2017-05-10 22:12:50,704 | INFO | etl_control:31 | ETL batch: 61
2017-05-10 22:12:59,044 | INFO | etl_control:51 | Writing to raw_archive: 10000
2017-05-10 22:13:01,352 | INFO | etl_control:51 | Writing to clean_staging: 10000
2017-05-10 22:13:03,086 | INFO | etl_control:59 | Deleted from STAGING: 10000
2017-05-10 22:13:03,086 | INFO | etl_control:31 | ETL batch: 62
2017-05-10 22:13:11,412 | INFO | etl_control:51 | Writing to raw_archive: 10000
2017-05-10 22:13:13,639 | INFO | etl_control:51 | Writing to clean_staging: 10000
2017-05-10 22:13:15,341 | INFO | etl_control:59 | Deleted from STAGING: 10000
2017-05-10 22:13:15,342 | INFO | etl_control:31 | ETL batch: 63
2017-05-10 22:13:23,602 | INFO | etl_control:51 | Writing to raw_archive: 10000
2017-05-10 22:13:25,835 | INFO | etl_control:51 | Writing to clean_staging: 10000
2017-05-10 22:13:27,567 | INFO | etl_control:59 | Deleted from STAGING: 10000
2017-05-10 22:13:27,568 | INFO | etl_control:31 | ETL batch: 64
2017-05-10 22:13:36,373 | INFO | etl_control:51 | Writing to raw_archive: 10000
2017-05-10 22:13:38,706 | INFO | etl_control:51 | Writing to clean_staging: 10000
2017-05-10 22:13:40,562 | INFO | etl_control:59 | Deleted from STAGING: 10000
2017-05-10 22:13:40,562 | INFO | etl_control:31 | ETL batch: 65
2017-05-10 22:13:49,539 | INFO | etl_control:51 | Writing to raw_archive: 10000
2017-05-10 22:13:51,857 | INFO | etl_control:51 | Writing to clean_staging: 10000
2017-05-10 22:13:53,670 | INFO | etl_control:59 | Deleted from STAGING: 10000
2017-05-10 22:13:53,670 | INFO | etl_control:31 | ETL batch: 66
2017-05-10 22:14:02,537 | INFO | etl_control:51 | Writing to raw_archive: 10000
2017-05-10 22:14:04,906 | INFO | etl_control:51 | Writing to clean_staging: 10000
2017-05-10 22:14:06,708 | INFO | etl_control:59 | Deleted from STAGING: 10000
2017-05-10 22:14:06,708 | INFO | etl_control:31 | ETL batch: 67
2017-05-10 22:14:15,545 | INFO | etl_control:51 | Writing to raw_archive: 10000
2017-05-10 22:14:17,827 | INFO | etl_control:51 | Writing to clean_staging: 10000
2017-05-10 22:14:19,570 | INFO | etl_control:59 | Deleted from STAGING: 10000
2017-05-10 22:14:19,570 | INFO | etl_control:31 | ETL batch: 68
2017-05-10 22:14:27,832 | INFO | etl_control:51 | Writing to raw_archive: 10000
2017-05-10 22:14:30,147 | INFO | etl_control:51 | Writing to clean_staging: 10000
2017-05-10 22:14:31,871 | INFO | etl_control:59 | Deleted from STAGING: 10000
2017-05-10 22:14:31,871 | INFO | etl_control:31 | ETL batch: 69
2017-05-10 22:14:40,396 | INFO | etl_control:51 | Writing to raw_archive: 10000
2017-05-10 22:14:42,751 | INFO | etl_control:51 | Writing to clean_staging: 10000
2017-05-10 22:14:44,475 | INFO | etl_control:59 | Deleted from STAGING: 10000
2017-05-10 22:14:44,475 | INFO | etl_control:31 | ETL batch: 70
2017-05-10 22:14:52,781 | INFO | etl_control:51 | Writing to raw_archive: 10000
2017-05-10 22:14:55,125 | INFO | etl_control:51 | Writing to clean_staging: 10000
2017-05-10 22:14:56,841 | INFO | etl_control:59 | Deleted from STAGING: 10000
2017-05-10 22:14:56,841 | INFO | etl_control:31 | ETL batch: 71
2017-05-10 22:15:05,261 | INFO | etl_control:51 | Writing to raw_archive: 10000
2017-05-10 22:15:07,530 | INFO | etl_control:51 | Writing to clean_staging: 10000
2017-05-10 22:15:09,254 | INFO | etl_control:59 | Deleted from STAGING: 10000
2017-05-10 22:15:09,255 | INFO | etl_control:31 | ETL batch: 72
2017-05-10 22:15:17,734 | INFO | etl_control:51 | Writing to raw_archive: 10000
2017-05-10 22:15:20,047 | INFO | etl_control:51 | Writing to clean_staging: 10000
2017-05-10 22:15:21,743 | INFO | etl_control:59 | Deleted from STAGING: 10000
2017-05-10 22:15:21,743 | INFO | etl_control:31 | ETL batch: 73
2017-05-10 22:15:30,182 | INFO | etl_control:51 | Writing to raw_archive: 10000
2017-05-10 22:15:32,545 | INFO | etl_control:51 | Writing to clean_staging: 10000
2017-05-10 22:15:34,358 | INFO | etl_control:59 | Deleted from STAGING: 10000
2017-05-10 22:15:34,359 | INFO | etl_control:31 | ETL batch: 74
2017-05-10 22:15:43,019 | INFO | etl_control:51 | Writing to raw_archive: 10000
2017-05-10 22:15:45,278 | INFO | etl_control:51 | Writing to clean_staging: 10000
2017-05-10 22:15:47,023 | INFO | etl_control:59 | Deleted from STAGING: 10000
2017-05-10 22:15:47,023 | INFO | etl_control:31 | ETL batch: 75
2017-05-10 22:15:55,457 | INFO | etl_control:51 | Writing to raw_archive: 10000
2017-05-10 22:15:57,788 | INFO | etl_control:51 | Writing to clean_staging: 10000
2017-05-10 22:15:59,581 | INFO | etl_control:59 | Deleted from STAGING: 10000
2017-05-10 22:15:59,581 | INFO | etl_control:31 | ETL batch: 76
2017-05-10 22:16:08,211 | INFO | etl_control:51 | Writing to raw_archive: 10000
2017-05-10 22:16:10,572 | INFO | etl_control:51 | Writing to clean_staging: 10000
2017-05-10 22:16:12,307 | INFO | etl_control:59 | Deleted from STAGING: 10000
2017-05-10 22:16:12,307 | INFO | etl_control:31 | ETL batch: 77
2017-05-10 22:16:21,020 | INFO | etl_control:51 | Writing to raw_archive: 10000
2017-05-10 22:16:23,370 | INFO | etl_control:51 | Writing to clean_staging: 10000
2017-05-10 22:16:25,078 | INFO | etl_control:59 | Deleted from STAGING: 10000
2017-05-10 22:16:25,078 | INFO | etl_control:31 | ETL batch: 78
2017-05-10 22:16:33,492 | INFO | etl_control:51 | Writing to raw_archive: 10000
2017-05-10 22:16:35,838 | INFO | etl_control:51 | Writing to clean_staging: 10000
2017-05-10 22:16:37,523 | INFO | etl_control:59 | Deleted from STAGING: 10000
2017-05-10 22:16:37,523 | INFO | etl_control:31 | ETL batch: 79
2017-05-10 22:16:46,160 | INFO | etl_control:51 | Writing to raw_archive: 10000
2017-05-10 22:16:48,501 | INFO | etl_control:51 | Writing to clean_staging: 10000
2017-05-10 22:16:50,178 | INFO | etl_control:59 | Deleted from STAGING: 10000
2017-05-10 22:16:50,178 | INFO | etl_control:31 | ETL batch: 80
2017-05-10 22:16:58,670 | INFO | etl_control:51 | Writing to raw_archive: 10000
2017-05-10 22:17:01,015 | INFO | etl_control:51 | Writing to clean_staging: 10000
2017-05-10 22:17:02,789 | INFO | etl_control:59 | Deleted from STAGING: 10000
2017-05-10 22:17:02,789 | INFO | etl_control:31 | ETL batch: 81
2017-05-10 22:17:11,744 | INFO | etl_control:51 | Writing to raw_archive: 10000
2017-05-10 22:17:14,150 | INFO | etl_control:51 | Writing to clean_staging: 10000
2017-05-10 22:17:15,972 | INFO | etl_control:59 | Deleted from STAGING: 10000
2017-05-10 22:17:15,973 | INFO | etl_control:31 | ETL batch: 82
2017-05-10 22:17:24,497 | INFO | etl_control:51 | Writing to raw_archive: 10000
2017-05-10 22:17:26,878 | INFO | etl_control:51 | Writing to clean_staging: 10000
2017-05-10 22:17:28,675 | INFO | etl_control:59 | Deleted from STAGING: 10000
2017-05-10 22:17:28,675 | INFO | etl_control:31 | ETL batch: 83
2017-05-10 22:17:37,744 | INFO | etl_control:51 | Writing to raw_archive: 10000
2017-05-10 22:17:40,117 | INFO | etl_control:51 | Writing to clean_staging: 10000
2017-05-10 22:17:41,847 | INFO | etl_control:59 | Deleted from STAGING: 10000
2017-05-10 22:17:41,847 | INFO | etl_control:31 | ETL batch: 84
2017-05-10 22:17:50,426 | INFO | etl_control:51 | Writing to raw_archive: 10000
2017-05-10 22:17:52,798 | INFO | etl_control:51 | Writing to clean_staging: 10000
2017-05-10 22:17:54,549 | INFO | etl_control:59 | Deleted from STAGING: 10000
2017-05-10 22:17:54,549 | INFO | etl_control:31 | ETL batch: 85
2017-05-10 22:18:03,419 | INFO | etl_control:51 | Writing to raw_archive: 10000
2017-05-10 22:18:05,980 | INFO | etl_control:51 | Writing to clean_staging: 10000
2017-05-10 22:18:07,863 | INFO | etl_control:59 | Deleted from STAGING: 10000
2017-05-10 22:18:07,864 | INFO | etl_control:31 | ETL batch: 86
2017-05-10 22:18:16,672 | INFO | etl_control:51 | Writing to raw_archive: 10000
2017-05-10 22:18:19,166 | INFO | etl_control:51 | Writing to clean_staging: 10000
2017-05-10 22:18:20,912 | INFO | etl_control:59 | Deleted from STAGING: 10000
2017-05-10 22:18:20,913 | INFO | etl_control:31 | ETL batch: 87
2017-05-10 22:18:29,505 | INFO | etl_control:51 | Writing to raw_archive: 10000
2017-05-10 22:18:31,945 | INFO | etl_control:51 | Writing to clean_staging: 10000
2017-05-10 22:18:33,647 | INFO | etl_control:59 | Deleted from STAGING: 10000
2017-05-10 22:18:33,648 | INFO | etl_control:31 | ETL batch: 88
2017-05-10 22:18:42,164 | INFO | etl_control:51 | Writing to raw_archive: 10000
2017-05-10 22:18:44,590 | INFO | etl_control:51 | Writing to clean_staging: 10000
2017-05-10 22:18:46,291 | INFO | etl_control:59 | Deleted from STAGING: 10000
2017-05-10 22:18:46,291 | INFO | etl_control:31 | ETL batch: 89
2017-05-10 22:18:54,840 | INFO | etl_control:51 | Writing to raw_archive: 10000
2017-05-10 22:18:57,340 | INFO | etl_control:51 | Writing to clean_staging: 10000
2017-05-10 22:18:59,063 | INFO | etl_control:59 | Deleted from STAGING: 10000
2017-05-10 22:18:59,063 | INFO | etl_control:31 | ETL batch: 90
2017-05-10 22:19:07,528 | INFO | etl_control:51 | Writing to raw_archive: 10000
2017-05-10 22:19:09,986 | INFO | etl_control:51 | Writing to clean_staging: 10000
2017-05-10 22:19:11,699 | INFO | etl_control:59 | Deleted from STAGING: 10000
2017-05-10 22:19:11,699 | INFO | etl_control:31 | ETL batch: 91
2017-05-10 22:19:20,222 | INFO | etl_control:51 | Writing to raw_archive: 10000
2017-05-10 22:19:22,761 | INFO | etl_control:51 | Writing to clean_staging: 10000
2017-05-10 22:19:24,526 | INFO | etl_control:59 | Deleted from STAGING: 10000
2017-05-10 22:19:24,526 | INFO | etl_control:31 | ETL batch: 92
2017-05-10 22:19:33,387 | INFO | etl_control:51 | Writing to raw_archive: 10000
2017-05-10 22:19:35,951 | INFO | etl_control:51 | Writing to clean_staging: 10000
2017-05-10 22:19:37,692 | INFO | etl_control:59 | Deleted from STAGING: 10000
2017-05-10 22:19:37,692 | INFO | etl_control:31 | ETL batch: 93
2017-05-10 22:19:46,291 | INFO | etl_control:51 | Writing to raw_archive: 10000
2017-05-10 22:19:48,757 | INFO | etl_control:51 | Writing to clean_staging: 10000
2017-05-10 22:19:50,531 | INFO | etl_control:59 | Deleted from STAGING: 10000
2017-05-10 22:19:50,531 | INFO | etl_control:31 | ETL batch: 94
2017-05-10 22:19:59,325 | INFO | etl_control:51 | Writing to raw_archive: 10000
2017-05-10 22:20:01,749 | INFO | etl_control:51 | Writing to clean_staging: 10000
2017-05-10 22:20:03,527 | INFO | etl_control:59 | Deleted from STAGING: 10000
2017-05-10 22:20:03,528 | INFO | etl_control:31 | ETL batch: 95
2017-05-10 22:20:12,198 | INFO | etl_control:51 | Writing to raw_archive: 10000
2017-05-10 22:20:14,619 | INFO | etl_control:51 | Writing to clean_staging: 10000
2017-05-10 22:20:16,378 | INFO | etl_control:59 | Deleted from STAGING: 10000
2017-05-10 22:20:16,378 | INFO | etl_control:31 | ETL batch: 96
2017-05-10 22:20:24,922 | INFO | etl_control:51 | Writing to raw_archive: 10000
2017-05-10 22:20:27,453 | INFO | etl_control:51 | Writing to clean_staging: 10000
2017-05-10 22:20:29,170 | INFO | etl_control:59 | Deleted from STAGING: 10000
2017-05-10 22:20:29,170 | INFO | etl_control:31 | ETL batch: 97
2017-05-10 22:20:37,769 | INFO | etl_control:51 | Writing to raw_archive: 10000
2017-05-10 22:20:40,356 | INFO | etl_control:51 | Writing to clean_staging: 10000
2017-05-10 22:20:42,179 | INFO | etl_control:59 | Deleted from STAGING: 10000
2017-05-10 22:20:42,180 | INFO | etl_control:31 | ETL batch: 98
2017-05-10 22:20:51,211 | INFO | etl_control:51 | Writing to raw_archive: 10000
2017-05-10 22:20:53,781 | INFO | etl_control:51 | Writing to clean_staging: 10000
2017-05-10 22:20:55,547 | INFO | etl_control:59 | Deleted from STAGING: 10000
2017-05-10 22:20:55,547 | INFO | etl_control:31 | ETL batch: 99
2017-05-10 22:21:04,590 | INFO | etl_control:51 | Writing to raw_archive: 10000
2017-05-10 22:21:07,140 | INFO | etl_control:51 | Writing to clean_staging: 10000
2017-05-10 22:21:08,914 | INFO | etl_control:59 | Deleted from STAGING: 10000
2017-05-10 22:21:08,915 | INFO | etl_control:31 | ETL batch: 100
2017-05-10 22:21:17,782 | INFO | etl_control:51 | Writing to raw_archive: 10000
2017-05-10 22:21:20,301 | INFO | etl_control:51 | Writing to clean_staging: 10000
2017-05-10 22:21:22,022 | INFO | etl_control:59 | Deleted from STAGING: 10000
2017-05-10 22:21:22,022 | INFO | etl_control:31 | ETL batch: 101
2017-05-10 22:21:30,682 | INFO | etl_control:51 | Writing to raw_archive: 10000
2017-05-10 22:21:33,166 | INFO | etl_control:51 | Writing to clean_staging: 10000
2017-05-10 22:21:34,891 | INFO | etl_control:59 | Deleted from STAGING: 10000
2017-05-10 22:21:34,891 | INFO | etl_control:31 | ETL batch: 102
2017-05-10 22:21:43,865 | INFO | etl_control:51 | Writing to raw_archive: 10000
2017-05-10 22:21:46,344 | INFO | etl_control:51 | Writing to clean_staging: 10000
2017-05-10 22:21:48,065 | INFO | etl_control:59 | Deleted from STAGING: 10000
2017-05-10 22:21:48,065 | INFO | etl_control:31 | ETL batch: 103
2017-05-10 22:21:56,890 | INFO | etl_control:51 | Writing to raw_archive: 10000
2017-05-10 22:21:59,460 | INFO | etl_control:51 | Writing to clean_staging: 10000
2017-05-10 22:22:01,258 | INFO | etl_control:59 | Deleted from STAGING: 10000
2017-05-10 22:22:01,258 | INFO | etl_control:31 | ETL batch: 104
2017-05-10 22:22:10,060 | INFO | etl_control:51 | Writing to raw_archive: 10000
2017-05-10 22:22:12,744 | INFO | etl_control:51 | Writing to clean_staging: 10000
2017-05-10 22:22:14,517 | INFO | etl_control:59 | Deleted from STAGING: 10000
2017-05-10 22:22:14,517 | INFO | etl_control:31 | ETL batch: 105
2017-05-10 22:22:23,349 | INFO | etl_control:51 | Writing to raw_archive: 10000
2017-05-10 22:22:25,905 | INFO | etl_control:51 | Writing to clean_staging: 10000
2017-05-10 22:22:27,675 | INFO | etl_control:59 | Deleted from STAGING: 10000
2017-05-10 22:22:27,676 | INFO | etl_control:31 | ETL batch: 106
2017-05-10 22:22:36,323 | INFO | etl_control:51 | Writing to raw_archive: 10000
2017-05-10 22:22:38,934 | INFO | etl_control:51 | Writing to clean_staging: 10000
2017-05-10 22:22:40,713 | INFO | etl_control:59 | Deleted from STAGING: 10000
2017-05-10 22:22:40,713 | INFO | etl_control:31 | ETL batch: 107
2017-05-10 22:22:49,558 | INFO | etl_control:51 | Writing to raw_archive: 10000
2017-05-10 22:22:52,230 | INFO | etl_control:51 | Writing to clean_staging: 10000
2017-05-10 22:22:53,957 | INFO | etl_control:59 | Deleted from STAGING: 10000
2017-05-10 22:22:53,957 | INFO | etl_control:31 | ETL batch: 108
2017-05-10 22:23:02,761 | INFO | etl_control:51 | Writing to raw_archive: 10000
2017-05-10 22:23:05,382 | INFO | etl_control:51 | Writing to clean_staging: 10000
2017-05-10 22:23:07,122 | INFO | etl_control:59 | Deleted from STAGING: 10000
2017-05-10 22:23:07,122 | INFO | etl_control:31 | ETL batch: 109
2017-05-10 22:23:15,911 | INFO | etl_control:51 | Writing to raw_archive: 10000
2017-05-10 22:23:18,447 | INFO | etl_control:51 | Writing to clean_staging: 10000
2017-05-10 22:23:20,148 | INFO | etl_control:59 | Deleted from STAGING: 10000
2017-05-10 22:23:20,148 | INFO | etl_control:31 | ETL batch: 110
2017-05-10 22:23:28,736 | INFO | etl_control:51 | Writing to raw_archive: 10000
2017-05-10 22:23:31,276 | INFO | etl_control:51 | Writing to clean_staging: 10000
2017-05-10 22:23:33,106 | INFO | etl_control:59 | Deleted from STAGING: 10000
2017-05-10 22:23:33,106 | INFO | etl_control:31 | ETL batch: 111
2017-05-10 22:23:41,929 | INFO | etl_control:51 | Writing to raw_archive: 10000
2017-05-10 22:23:44,568 | INFO | etl_control:51 | Writing to clean_staging: 10000
2017-05-10 22:23:46,357 | INFO | etl_control:59 | Deleted from STAGING: 10000
2017-05-10 22:23:46,357 | INFO | etl_control:31 | ETL batch: 112
2017-05-10 22:23:55,750 | INFO | etl_control:51 | Writing to raw_archive: 10000
2017-05-10 22:23:58,533 | INFO | etl_control:51 | Writing to clean_staging: 10000
2017-05-10 22:24:00,452 | INFO | etl_control:59 | Deleted from STAGING: 10000
2017-05-10 22:24:00,452 | INFO | etl_control:31 | ETL batch: 113
2017-05-10 22:24:09,366 | INFO | etl_control:51 | Writing to raw_archive: 10000
2017-05-10 22:24:12,040 | INFO | etl_control:51 | Writing to clean_staging: 10000
2017-05-10 22:24:13,836 | INFO | etl_control:59 | Deleted from STAGING: 10000
2017-05-10 22:24:13,836 | INFO | etl_control:31 | ETL batch: 114
2017-05-10 22:24:22,630 | INFO | etl_control:51 | Writing to raw_archive: 10000
2017-05-10 22:24:25,358 | INFO | etl_control:51 | Writing to clean_staging: 10000
2017-05-10 22:24:27,094 | INFO | etl_control:59 | Deleted from STAGING: 10000
2017-05-10 22:24:27,094 | INFO | etl_control:31 | ETL batch: 115
2017-05-10 22:24:35,988 | INFO | etl_control:51 | Writing to raw_archive: 10000
2017-05-10 22:24:38,654 | INFO | etl_control:51 | Writing to clean_staging: 10000
2017-05-10 22:24:40,402 | INFO | etl_control:59 | Deleted from STAGING: 10000
2017-05-10 22:24:40,402 | INFO | etl_control:31 | ETL batch: 116
2017-05-10 22:24:49,312 | INFO | etl_control:51 | Writing to raw_archive: 10000
2017-05-10 22:24:51,985 | INFO | etl_control:51 | Writing to clean_staging: 10000
2017-05-10 22:24:53,715 | INFO | etl_control:59 | Deleted from STAGING: 10000
2017-05-10 22:24:53,715 | INFO | etl_control:31 | ETL batch: 117
2017-05-10 22:25:02,505 | INFO | etl_control:51 | Writing to raw_archive: 10000
2017-05-10 22:25:05,144 | INFO | etl_control:51 | Writing to clean_staging: 10000
2017-05-10 22:25:06,832 | INFO | etl_control:59 | Deleted from STAGING: 10000
2017-05-10 22:25:06,832 | INFO | etl_control:31 | ETL batch: 118
2017-05-10 22:25:15,920 | INFO | etl_control:51 | Writing to raw_archive: 10000
2017-05-10 22:25:18,660 | INFO | etl_control:51 | Writing to clean_staging: 10000
2017-05-10 22:25:20,428 | INFO | etl_control:59 | Deleted from STAGING: 10000
2017-05-10 22:25:20,429 | INFO | etl_control:31 | ETL batch: 119
2017-05-10 22:25:29,764 | INFO | etl_control:51 | Writing to raw_archive: 10000
2017-05-10 22:25:32,459 | INFO | etl_control:51 | Writing to clean_staging: 10000
2017-05-10 22:25:34,250 | INFO | etl_control:59 | Deleted from STAGING: 10000
2017-05-10 22:25:34,250 | INFO | etl_control:31 | ETL batch: 120
2017-05-10 22:25:43,153 | INFO | etl_control:51 | Writing to raw_archive: 10000
2017-05-10 22:25:45,881 | INFO | etl_control:51 | Writing to clean_staging: 10000
2017-05-10 22:25:47,618 | INFO | etl_control:59 | Deleted from STAGING: 10000
2017-05-10 22:25:47,618 | INFO | etl_control:31 | ETL batch: 121
2017-05-10 22:25:56,482 | INFO | etl_control:51 | Writing to raw_archive: 10000
2017-05-10 22:25:59,272 | INFO | etl_control:51 | Writing to clean_staging: 10000
2017-05-10 22:26:01,027 | INFO | etl_control:59 | Deleted from STAGING: 10000
2017-05-10 22:26:01,028 | INFO | etl_control:31 | ETL batch: 122
2017-05-10 22:26:09,945 | INFO | etl_control:51 | Writing to raw_archive: 10000
2017-05-10 22:26:12,678 | INFO | etl_control:51 | Writing to clean_staging: 10000
2017-05-10 22:26:14,383 | INFO | etl_control:59 | Deleted from STAGING: 10000
2017-05-10 22:26:14,383 | INFO | etl_control:31 | ETL batch: 123
2017-05-10 22:26:23,534 | INFO | etl_control:51 | Writing to raw_archive: 10000
2017-05-10 22:26:26,408 | INFO | etl_control:51 | Writing to clean_staging: 10000
2017-05-10 22:26:28,121 | INFO | etl_control:59 | Deleted from STAGING: 10000
2017-05-10 22:26:28,121 | INFO | etl_control:31 | ETL batch: 124
2017-05-10 22:26:36,919 | INFO | etl_control:51 | Writing to raw_archive: 10000
2017-05-10 22:26:39,743 | INFO | etl_control:51 | Writing to clean_staging: 10000
2017-05-10 22:26:41,498 | INFO | etl_control:59 | Deleted from STAGING: 10000
2017-05-10 22:26:41,498 | INFO | etl_control:31 | ETL batch: 125
2017-05-10 22:26:50,611 | INFO | etl_control:51 | Writing to raw_archive: 10000
2017-05-10 22:26:53,326 | INFO | etl_control:51 | Writing to clean_staging: 10000
2017-05-10 22:26:55,072 | INFO | etl_control:59 | Deleted from STAGING: 10000
2017-05-10 22:26:55,072 | INFO | etl_control:31 | ETL batch: 126
2017-05-10 22:27:04,213 | INFO | etl_control:51 | Writing to raw_archive: 10000
2017-05-10 22:27:07,014 | INFO | etl_control:51 | Writing to clean_staging: 10000
2017-05-10 22:27:08,725 | INFO | etl_control:59 | Deleted from STAGING: 10000
2017-05-10 22:27:08,725 | INFO | etl_control:31 | ETL batch: 127
2017-05-10 22:27:17,631 | INFO | etl_control:51 | Writing to raw_archive: 10000
2017-05-10 22:27:20,396 | INFO | etl_control:51 | Writing to clean_staging: 10000
2017-05-10 22:27:22,137 | INFO | etl_control:59 | Deleted from STAGING: 10000
2017-05-10 22:27:22,137 | INFO | etl_control:31 | ETL batch: 128
2017-05-10 22:27:31,166 | INFO | etl_control:51 | Writing to raw_archive: 10000
2017-05-10 22:27:33,943 | INFO | etl_control:51 | Writing to clean_staging: 10000
2017-05-10 22:27:35,675 | INFO | etl_control:59 | Deleted from STAGING: 10000
2017-05-10 22:27:35,676 | INFO | etl_control:31 | ETL batch: 129
2017-05-10 22:27:44,747 | INFO | etl_control:51 | Writing to raw_archive: 10000
2017-05-10 22:27:47,577 | INFO | etl_control:51 | Writing to clean_staging: 10000
2017-05-10 22:27:49,351 | INFO | etl_control:59 | Deleted from STAGING: 10000
2017-05-10 22:27:49,351 | INFO | etl_control:31 | ETL batch: 130
2017-05-10 22:27:58,734 | INFO | etl_control:51 | Writing to raw_archive: 10000
2017-05-10 22:28:01,632 | INFO | etl_control:51 | Writing to clean_staging: 10000
2017-05-10 22:28:03,330 | INFO | etl_control:59 | Deleted from STAGING: 10000
2017-05-10 22:28:03,330 | INFO | etl_control:31 | ETL batch: 131
2017-05-10 22:28:12,179 | INFO | etl_control:51 | Writing to raw_archive: 10000
2017-05-10 22:28:15,028 | INFO | etl_control:51 | Writing to clean_staging: 10000
2017-05-10 22:28:16,880 | INFO | etl_control:59 | Deleted from STAGING: 10000
2017-05-10 22:28:16,880 | INFO | etl_control:31 | ETL batch: 132
2017-05-10 22:28:25,984 | INFO | etl_control:51 | Writing to raw_archive: 10000
2017-05-10 22:28:28,802 | INFO | etl_control:51 | Writing to clean_staging: 10000
2017-05-10 22:28:30,592 | INFO | etl_control:59 | Deleted from STAGING: 10000
2017-05-10 22:28:30,593 | INFO | etl_control:31 | ETL batch: 133
2017-05-10 22:28:39,532 | INFO | etl_control:51 | Writing to raw_archive: 10000
2017-05-10 22:28:42,371 | INFO | etl_control:51 | Writing to clean_staging: 10000
2017-05-10 22:28:44,092 | INFO | etl_control:59 | Deleted from STAGING: 10000
2017-05-10 22:28:44,092 | INFO | etl_control:31 | ETL batch: 134
2017-05-10 22:28:53,254 | INFO | etl_control:51 | Writing to raw_archive: 10000
2017-05-10 22:28:56,008 | INFO | etl_control:51 | Writing to clean_staging: 10000
2017-05-10 22:28:57,763 | INFO | etl_control:59 | Deleted from STAGING: 10000
2017-05-10 22:28:57,763 | INFO | etl_control:31 | ETL batch: 135
2017-05-10 22:29:06,834 | INFO | etl_control:51 | Writing to raw_archive: 10000
2017-05-10 22:29:09,678 | INFO | etl_control:51 | Writing to clean_staging: 10000
2017-05-10 22:29:11,455 | INFO | etl_control:59 | Deleted from STAGING: 10000
2017-05-10 22:29:11,456 | INFO | etl_control:31 | ETL batch: 136
2017-05-10 22:29:20,764 | INFO | etl_control:51 | Writing to raw_archive: 10000
2017-05-10 22:29:23,511 | INFO | etl_control:51 | Writing to clean_staging: 10000
2017-05-10 22:29:25,277 | INFO | etl_control:59 | Deleted from STAGING: 10000
2017-05-10 22:29:25,278 | INFO | etl_control:31 | ETL batch: 137
2017-05-10 22:29:34,259 | INFO | etl_control:51 | Writing to raw_archive: 10000
2017-05-10 22:29:37,171 | INFO | etl_control:51 | Writing to clean_staging: 10000
2017-05-10 22:29:38,945 | INFO | etl_control:59 | Deleted from STAGING: 10000
2017-05-10 22:29:38,945 | INFO | etl_control:31 | ETL batch: 138
2017-05-10 22:29:48,032 | INFO | etl_control:51 | Writing to raw_archive: 10000
2017-05-10 22:29:50,825 | INFO | etl_control:51 | Writing to clean_staging: 10000
2017-05-10 22:29:52,612 | INFO | etl_control:59 | Deleted from STAGING: 10000
2017-05-10 22:29:52,613 | INFO | etl_control:31 | ETL batch: 139
2017-05-10 22:30:01,684 | INFO | etl_control:51 | Writing to raw_archive: 10000
2017-05-10 22:30:04,486 | INFO | etl_control:51 | Writing to clean_staging: 10000
2017-05-10 22:30:06,152 | INFO | etl_control:59 | Deleted from STAGING: 10000
2017-05-10 22:30:06,153 | INFO | etl_control:31 | ETL batch: 140
2017-05-10 22:30:15,455 | INFO | etl_control:51 | Writing to raw_archive: 10000
2017-05-10 22:30:18,342 | INFO | etl_control:51 | Writing to clean_staging: 10000
2017-05-10 22:30:20,116 | INFO | etl_control:59 | Deleted from STAGING: 10000
2017-05-10 22:30:20,116 | INFO | etl_control:31 | ETL batch: 141
2017-05-10 22:30:29,628 | INFO | etl_control:51 | Writing to raw_archive: 10000
2017-05-10 22:30:32,552 | INFO | etl_control:51 | Writing to clean_staging: 10000
2017-05-10 22:30:34,311 | INFO | etl_control:59 | Deleted from STAGING: 10000
2017-05-10 22:30:34,311 | INFO | etl_control:31 | ETL batch: 142
2017-05-10 22:30:43,496 | INFO | etl_control:51 | Writing to raw_archive: 10000
2017-05-10 22:30:46,400 | INFO | etl_control:51 | Writing to clean_staging: 10000
2017-05-10 22:30:48,175 | INFO | etl_control:59 | Deleted from STAGING: 10000
2017-05-10 22:30:48,175 | INFO | etl_control:31 | ETL batch: 143
2017-05-10 22:30:57,298 | INFO | etl_control:51 | Writing to raw_archive: 10000
2017-05-10 22:31:00,164 | INFO | etl_control:51 | Writing to clean_staging: 10000
2017-05-10 22:31:02,036 | INFO | etl_control:59 | Deleted from STAGING: 10000
2017-05-10 22:31:02,036 | INFO | etl_control:31 | ETL batch: 144
2017-05-10 22:31:11,204 | INFO | etl_control:51 | Writing to raw_archive: 10000
2017-05-10 22:31:14,135 | INFO | etl_control:51 | Writing to clean_staging: 10000
2017-05-10 22:31:15,874 | INFO | etl_control:59 | Deleted from STAGING: 10000
2017-05-10 22:31:15,874 | INFO | etl_control:31 | ETL batch: 145
2017-05-10 22:31:25,382 | INFO | etl_control:51 | Writing to raw_archive: 10000
2017-05-10 22:31:28,268 | INFO | etl_control:51 | Writing to clean_staging: 10000
2017-05-10 22:31:30,052 | INFO | etl_control:59 | Deleted from STAGING: 10000
2017-05-10 22:31:30,053 | INFO | etl_control:31 | ETL batch: 146
2017-05-10 22:31:39,201 | INFO | etl_control:51 | Writing to raw_archive: 10000
2017-05-10 22:31:42,020 | INFO | etl_control:51 | Writing to clean_staging: 10000
2017-05-10 22:31:43,771 | INFO | etl_control:59 | Deleted from STAGING: 10000
2017-05-10 22:31:43,772 | INFO | etl_control:31 | ETL batch: 147
2017-05-10 22:31:52,916 | INFO | etl_control:51 | Writing to raw_archive: 10000
2017-05-10 22:31:55,730 | INFO | etl_control:51 | Writing to clean_staging: 10000
2017-05-10 22:31:57,465 | INFO | etl_control:59 | Deleted from STAGING: 10000
2017-05-10 22:31:57,466 | INFO | etl_control:31 | ETL batch: 148
2017-05-10 22:32:06,322 | INFO | etl_control:51 | Writing to raw_archive: 10000
2017-05-10 22:32:09,168 | INFO | etl_control:51 | Writing to clean_staging: 10000
2017-05-10 22:32:10,915 | INFO | etl_control:59 | Deleted from STAGING: 10000
2017-05-10 22:32:10,916 | INFO | etl_control:31 | ETL batch: 149
2017-05-10 22:32:19,921 | INFO | etl_control:51 | Writing to raw_archive: 10000
2017-05-10 22:32:22,818 | INFO | etl_control:51 | Writing to clean_staging: 10000
2017-05-10 22:32:24,509 | INFO | etl_control:59 | Deleted from STAGING: 10000
2017-05-10 22:32:24,509 | INFO | etl_control:31 | ETL batch: 150
2017-05-10 22:32:33,580 | INFO | etl_control:51 | Writing to raw_archive: 10000
2017-05-10 22:32:36,467 | INFO | etl_control:51 | Writing to clean_staging: 10000
2017-05-10 22:32:38,183 | INFO | etl_control:59 | Deleted from STAGING: 10000
2017-05-10 22:32:38,184 | INFO | etl_control:31 | ETL batch: 151
2017-05-10 22:32:47,133 | INFO | etl_control:51 | Writing to raw_archive: 10000
2017-05-10 22:32:49,947 | INFO | etl_control:51 | Writing to clean_staging: 10000
2017-05-10 22:32:51,700 | INFO | etl_control:59 | Deleted from STAGING: 10000
2017-05-10 22:32:51,700 | INFO | etl_control:31 | ETL batch: 152
2017-05-10 22:33:00,682 | INFO | etl_control:51 | Writing to raw_archive: 10000
2017-05-10 22:33:03,512 | INFO | etl_control:51 | Writing to clean_staging: 10000
2017-05-10 22:33:05,245 | INFO | etl_control:59 | Deleted from STAGING: 10000
2017-05-10 22:33:05,245 | INFO | etl_control:31 | ETL batch: 153
2017-05-10 22:33:14,182 | INFO | etl_control:51 | Writing to raw_archive: 10000
2017-05-10 22:33:17,054 | INFO | etl_control:51 | Writing to clean_staging: 10000
2017-05-10 22:33:18,805 | INFO | etl_control:59 | Deleted from STAGING: 10000
2017-05-10 22:33:18,806 | INFO | etl_control:31 | ETL batch: 154
2017-05-10 22:33:27,844 | INFO | etl_control:51 | Writing to raw_archive: 10000
2017-05-10 22:33:30,769 | INFO | etl_control:51 | Writing to clean_staging: 10000
2017-05-10 22:33:32,524 | INFO | etl_control:59 | Deleted from STAGING: 10000
2017-05-10 22:33:32,525 | INFO | etl_control:31 | ETL batch: 155
2017-05-10 22:33:41,502 | INFO | etl_control:51 | Writing to raw_archive: 10000
2017-05-10 22:33:44,462 | INFO | etl_control:51 | Writing to clean_staging: 10000
2017-05-10 22:33:46,165 | INFO | etl_control:59 | Deleted from STAGING: 10000
2017-05-10 22:33:46,165 | INFO | etl_control:31 | ETL batch: 156
2017-05-10 22:33:55,153 | INFO | etl_control:51 | Writing to raw_archive: 10000
2017-05-10 22:33:58,142 | INFO | etl_control:51 | Writing to clean_staging: 10000
2017-05-10 22:33:59,924 | INFO | etl_control:59 | Deleted from STAGING: 10000
2017-05-10 22:33:59,924 | INFO | etl_control:31 | ETL batch: 157
2017-05-10 22:34:09,423 | INFO | etl_control:51 | Writing to raw_archive: 10000
2017-05-10 22:34:12,397 | INFO | etl_control:51 | Writing to clean_staging: 10000
2017-05-10 22:34:14,128 | INFO | etl_control:59 | Deleted from STAGING: 10000
2017-05-10 22:34:14,129 | INFO | etl_control:31 | ETL batch: 158
2017-05-10 22:34:23,304 | INFO | etl_control:51 | Writing to raw_archive: 10000
2017-05-10 22:34:26,330 | INFO | etl_control:51 | Writing to clean_staging: 10000
2017-05-10 22:34:28,081 | INFO | etl_control:59 | Deleted from STAGING: 10000
2017-05-10 22:34:28,082 | INFO | etl_control:31 | ETL batch: 159
2017-05-10 22:34:37,287 | INFO | etl_control:51 | Writing to raw_archive: 10000
2017-05-10 22:34:40,378 | INFO | etl_control:51 | Writing to clean_staging: 10000
2017-05-10 22:34:42,196 | INFO | etl_control:59 | Deleted from STAGING: 10000
2017-05-10 22:34:42,197 | INFO | etl_control:31 | ETL batch: 160
2017-05-10 22:34:51,698 | INFO | etl_control:51 | Writing to raw_archive: 10000
2017-05-10 22:34:54,709 | INFO | etl_control:51 | Writing to clean_staging: 10000
2017-05-10 22:34:56,471 | INFO | etl_control:59 | Deleted from STAGING: 10000
2017-05-10 22:34:56,471 | INFO | etl_control:31 | ETL batch: 161
2017-05-10 22:35:05,582 | INFO | etl_control:51 | Writing to raw_archive: 10000
2017-05-10 22:35:08,585 | INFO | etl_control:51 | Writing to clean_staging: 10000
2017-05-10 22:35:10,319 | INFO | etl_control:59 | Deleted from STAGING: 10000
2017-05-10 22:35:10,319 | INFO | etl_control:31 | ETL batch: 162
2017-05-10 22:35:19,383 | INFO | etl_control:51 | Writing to raw_archive: 10000
2017-05-10 22:35:22,561 | INFO | etl_control:51 | Writing to clean_staging: 10000
2017-05-10 22:35:24,276 | INFO | etl_control:59 | Deleted from STAGING: 10000
2017-05-10 22:35:24,276 | INFO | etl_control:31 | ETL batch: 163
2017-05-10 22:35:33,568 | INFO | etl_control:51 | Writing to raw_archive: 10000
2017-05-10 22:35:36,682 | INFO | etl_control:51 | Writing to clean_staging: 10000
2017-05-10 22:35:38,464 | INFO | etl_control:59 | Deleted from STAGING: 10000
2017-05-10 22:35:38,464 | INFO | etl_control:31 | ETL batch: 164
2017-05-10 22:35:47,928 | INFO | etl_control:51 | Writing to raw_archive: 10000
2017-05-10 22:35:51,027 | INFO | etl_control:51 | Writing to clean_staging: 10000
2017-05-10 22:35:52,874 | INFO | etl_control:59 | Deleted from STAGING: 10000
2017-05-10 22:35:52,875 | INFO | etl_control:31 | ETL batch: 165
2017-05-10 22:36:02,024 | INFO | etl_control:51 | Writing to raw_archive: 10000
2017-05-10 22:36:05,070 | INFO | etl_control:51 | Writing to clean_staging: 10000
2017-05-10 22:36:06,868 | INFO | etl_control:59 | Deleted from STAGING: 10000
2017-05-10 22:36:06,869 | INFO | etl_control:31 | ETL batch: 166
2017-05-10 22:36:16,403 | INFO | etl_control:51 | Writing to raw_archive: 10000
2017-05-10 22:36:19,514 | INFO | etl_control:51 | Writing to clean_staging: 10000
2017-05-10 22:36:21,364 | INFO | etl_control:59 | Deleted from STAGING: 10000
2017-05-10 22:36:21,364 | INFO | etl_control:31 | ETL batch: 167
2017-05-10 22:36:30,982 | INFO | etl_control:51 | Writing to raw_archive: 10000
2017-05-10 22:36:34,074 | INFO | etl_control:51 | Writing to clean_staging: 10000
2017-05-10 22:36:35,881 | INFO | etl_control:59 | Deleted from STAGING: 10000
2017-05-10 22:36:35,881 | INFO | etl_control:31 | ETL batch: 168
2017-05-10 22:36:45,412 | INFO | etl_control:51 | Writing to raw_archive: 10000
2017-05-10 22:36:48,402 | INFO | etl_control:51 | Writing to clean_staging: 10000
2017-05-10 22:36:50,107 | INFO | etl_control:59 | Deleted from STAGING: 10000
2017-05-10 22:36:50,108 | INFO | etl_control:31 | ETL batch: 169
2017-05-10 22:36:59,174 | INFO | etl_control:51 | Writing to raw_archive: 10000
2017-05-10 22:37:02,274 | INFO | etl_control:51 | Writing to clean_staging: 10000
2017-05-10 22:37:04,083 | INFO | etl_control:59 | Deleted from STAGING: 10000
2017-05-10 22:37:04,084 | INFO | etl_control:31 | ETL batch: 170
2017-05-10 22:37:13,282 | INFO | etl_control:51 | Writing to raw_archive: 10000
2017-05-10 22:37:16,348 | INFO | etl_control:51 | Writing to clean_staging: 10000
2017-05-10 22:37:18,109 | INFO | etl_control:59 | Deleted from STAGING: 10000
2017-05-10 22:37:18,109 | INFO | etl_control:31 | ETL batch: 171
2017-05-10 22:37:27,277 | INFO | etl_control:51 | Writing to raw_archive: 10000
2017-05-10 22:37:30,283 | INFO | etl_control:51 | Writing to clean_staging: 10000
2017-05-10 22:37:32,040 | INFO | etl_control:59 | Deleted from STAGING: 10000
2017-05-10 22:37:32,041 | INFO | etl_control:31 | ETL batch: 172
2017-05-10 22:37:41,578 | INFO | etl_control:51 | Writing to raw_archive: 10000
2017-05-10 22:37:44,731 | INFO | etl_control:51 | Writing to clean_staging: 10000
2017-05-10 22:37:46,523 | INFO | etl_control:59 | Deleted from STAGING: 10000
2017-05-10 22:37:46,523 | INFO | etl_control:31 | ETL batch: 173
2017-05-10 22:37:55,906 | INFO | etl_control:51 | Writing to raw_archive: 10000
2017-05-10 22:37:58,980 | INFO | etl_control:51 | Writing to clean_staging: 10000
2017-05-10 22:38:00,724 | INFO | etl_control:59 | Deleted from STAGING: 10000
2017-05-10 22:38:00,724 | INFO | etl_control:31 | ETL batch: 174
2017-05-10 22:38:09,906 | INFO | etl_control:51 | Writing to raw_archive: 10000
2017-05-10 22:38:12,952 | INFO | etl_control:51 | Writing to clean_staging: 10000
2017-05-10 22:38:14,659 | INFO | etl_control:59 | Deleted from STAGING: 10000
2017-05-10 22:38:14,659 | INFO | etl_control:31 | ETL batch: 175
2017-05-10 22:38:23,696 | INFO | etl_control:51 | Writing to raw_archive: 10000
2017-05-10 22:38:26,729 | INFO | etl_control:51 | Writing to clean_staging: 10000
2017-05-10 22:38:28,458 | INFO | etl_control:59 | Deleted from STAGING: 10000
2017-05-10 22:38:28,458 | INFO | etl_control:31 | ETL batch: 176
2017-05-10 22:38:37,675 | INFO | etl_control:51 | Writing to raw_archive: 10000
2017-05-10 22:38:40,782 | INFO | etl_control:51 | Writing to clean_staging: 10000
2017-05-10 22:38:42,642 | INFO | etl_control:59 | Deleted from STAGING: 10000
2017-05-10 22:38:42,642 | INFO | etl_control:31 | ETL batch: 177
2017-05-10 22:38:52,134 | INFO | etl_control:51 | Writing to raw_archive: 10000
2017-05-10 22:38:55,194 | INFO | etl_control:51 | Writing to clean_staging: 10000
2017-05-10 22:38:56,954 | INFO | etl_control:59 | Deleted from STAGING: 10000
2017-05-10 22:38:56,955 | INFO | etl_control:31 | ETL batch: 178
2017-05-10 22:39:06,539 | INFO | etl_control:51 | Writing to raw_archive: 10000
2017-05-10 22:39:09,660 | INFO | etl_control:51 | Writing to clean_staging: 10000
2017-05-10 22:39:11,400 | INFO | etl_control:59 | Deleted from STAGING: 10000
2017-05-10 22:39:11,401 | INFO | etl_control:31 | ETL batch: 179
2017-05-10 22:39:20,934 | INFO | etl_control:51 | Writing to raw_archive: 10000
2017-05-10 22:39:24,206 | INFO | etl_control:51 | Writing to clean_staging: 10000
2017-05-10 22:39:25,954 | INFO | etl_control:59 | Deleted from STAGING: 10000
2017-05-10 22:39:25,954 | INFO | etl_control:31 | ETL batch: 180
2017-05-10 22:39:36,095 | INFO | etl_control:51 | Writing to raw_archive: 10000
2017-05-10 22:39:39,388 | INFO | etl_control:51 | Writing to clean_staging: 10000
2017-05-10 22:39:41,170 | INFO | etl_control:59 | Deleted from STAGING: 10000
2017-05-10 22:39:41,170 | INFO | etl_control:31 | ETL batch: 181
2017-05-10 22:39:50,659 | INFO | etl_control:51 | Writing to raw_archive: 10000
2017-05-10 22:39:53,875 | INFO | etl_control:51 | Writing to clean_staging: 10000
2017-05-10 22:39:55,598 | INFO | etl_control:59 | Deleted from STAGING: 10000
2017-05-10 22:39:55,598 | INFO | etl_control:31 | ETL batch: 182
2017-05-10 22:40:05,069 | INFO | etl_control:51 | Writing to raw_archive: 10000
2017-05-10 22:40:08,359 | INFO | etl_control:51 | Writing to clean_staging: 10000
2017-05-10 22:40:10,158 | INFO | etl_control:59 | Deleted from STAGING: 10000
2017-05-10 22:40:10,158 | INFO | etl_control:31 | ETL batch: 183
2017-05-10 22:40:19,517 | INFO | etl_control:51 | Writing to raw_archive: 10000
2017-05-10 22:40:22,703 | INFO | etl_control:51 | Writing to clean_staging: 10000
2017-05-10 22:40:24,535 | INFO | etl_control:59 | Deleted from STAGING: 10000
2017-05-10 22:40:24,536 | INFO | etl_control:31 | ETL batch: 184
2017-05-10 22:40:33,895 | INFO | etl_control:51 | Writing to raw_archive: 10000
2017-05-10 22:40:37,067 | INFO | etl_control:51 | Writing to clean_staging: 10000
2017-05-10 22:40:38,759 | INFO | etl_control:59 | Deleted from STAGING: 10000
2017-05-10 22:40:38,759 | INFO | etl_control:31 | ETL batch: 185
2017-05-10 22:40:48,291 | INFO | etl_control:51 | Writing to raw_archive: 10000
2017-05-10 22:40:51,447 | INFO | etl_control:51 | Writing to clean_staging: 10000
2017-05-10 22:40:53,171 | INFO | etl_control:59 | Deleted from STAGING: 10000
2017-05-10 22:40:53,171 | INFO | etl_control:31 | ETL batch: 186
2017-05-10 22:41:02,695 | INFO | etl_control:51 | Writing to raw_archive: 10000
2017-05-10 22:41:05,957 | INFO | etl_control:51 | Writing to clean_staging: 10000
2017-05-10 22:41:07,819 | INFO | etl_control:59 | Deleted from STAGING: 10000
2017-05-10 22:41:07,819 | INFO | etl_control:31 | ETL batch: 187
2017-05-10 22:41:17,309 | INFO | etl_control:51 | Writing to raw_archive: 10000
2017-05-10 22:41:20,532 | INFO | etl_control:51 | Writing to clean_staging: 10000
2017-05-10 22:41:22,230 | INFO | etl_control:59 | Deleted from STAGING: 10000
2017-05-10 22:41:22,231 | INFO | etl_control:31 | ETL batch: 188
2017-05-10 22:41:31,543 | INFO | etl_control:51 | Writing to raw_archive: 10000
2017-05-10 22:41:34,714 | INFO | etl_control:51 | Writing to clean_staging: 10000
2017-05-10 22:41:36,439 | INFO | etl_control:59 | Deleted from STAGING: 10000
2017-05-10 22:41:36,439 | INFO | etl_control:31 | ETL batch: 189
2017-05-10 22:41:45,701 | INFO | etl_control:51 | Writing to raw_archive: 10000
2017-05-10 22:41:48,891 | INFO | etl_control:51 | Writing to clean_staging: 10000
2017-05-10 22:41:50,625 | INFO | etl_control:59 | Deleted from STAGING: 10000
2017-05-10 22:41:50,625 | INFO | etl_control:31 | ETL batch: 190
2017-05-10 22:42:00,499 | INFO | etl_control:51 | Writing to raw_archive: 10000
2017-05-10 22:42:03,881 | INFO | etl_control:51 | Writing to clean_staging: 10000
2017-05-10 22:42:05,638 | INFO | etl_control:59 | Deleted from STAGING: 10000
2017-05-10 22:42:05,639 | INFO | etl_control:31 | ETL batch: 191
2017-05-10 22:42:15,685 | INFO | etl_control:51 | Writing to raw_archive: 10000
2017-05-10 22:42:19,198 | INFO | etl_control:51 | Writing to clean_staging: 10000
2017-05-10 22:42:21,023 | INFO | etl_control:59 | Deleted from STAGING: 10000
2017-05-10 22:42:21,024 | INFO | etl_control:31 | ETL batch: 192
2017-05-10 22:42:31,178 | INFO | etl_control:51 | Writing to raw_archive: 10000
2017-05-10 22:42:34,612 | INFO | etl_control:51 | Writing to clean_staging: 10000
2017-05-10 22:42:36,470 | INFO | etl_control:59 | Deleted from STAGING: 10000
2017-05-10 22:42:36,470 | INFO | etl_control:31 | ETL batch: 193
2017-05-10 22:42:46,865 | INFO | etl_control:51 | Writing to raw_archive: 10000
2017-05-10 22:42:50,409 | INFO | etl_control:51 | Writing to clean_staging: 10000
2017-05-10 22:42:52,256 | INFO | etl_control:59 | Deleted from STAGING: 10000
2017-05-10 22:42:52,256 | INFO | etl_control:31 | ETL batch: 194
2017-05-10 22:43:02,460 | INFO | etl_control:51 | Writing to raw_archive: 10000
2017-05-10 22:43:05,999 | INFO | etl_control:51 | Writing to clean_staging: 10000
2017-05-10 22:43:07,900 | INFO | etl_control:59 | Deleted from STAGING: 10000
2017-05-10 22:43:07,900 | INFO | etl_control:31 | ETL batch: 195
2017-05-10 22:43:17,847 | INFO | etl_control:51 | Writing to raw_archive: 10000
2017-05-10 22:43:21,241 | INFO | etl_control:51 | Writing to clean_staging: 10000
2017-05-10 22:43:23,108 | INFO | etl_control:59 | Deleted from STAGING: 10000
2017-05-10 22:43:23,109 | INFO | etl_control:31 | ETL batch: 196
2017-05-10 22:43:33,217 | INFO | etl_control:51 | Writing to raw_archive: 10000
2017-05-10 22:43:36,710 | INFO | etl_control:51 | Writing to clean_staging: 10000
2017-05-10 22:43:38,749 | INFO | etl_control:59 | Deleted from STAGING: 10000
2017-05-10 22:43:38,749 | INFO | etl_control:31 | ETL batch: 197
2017-05-10 22:43:48,798 | INFO | etl_control:51 | Writing to raw_archive: 10000
2017-05-10 22:43:52,263 | INFO | etl_control:51 | Writing to clean_staging: 10000
2017-05-10 22:43:54,121 | INFO | etl_control:59 | Deleted from STAGING: 10000
2017-05-10 22:43:54,121 | INFO | etl_control:31 | ETL batch: 198
2017-05-10 22:44:04,474 | INFO | etl_control:51 | Writing to raw_archive: 10000
2017-05-10 22:44:08,013 | INFO | etl_control:51 | Writing to clean_staging: 10000
2017-05-10 22:44:09,944 | INFO | etl_control:59 | Deleted from STAGING: 10000
2017-05-10 22:44:09,944 | INFO | etl_control:31 | ETL batch: 199
2017-05-10 22:44:20,503 | INFO | etl_control:51 | Writing to raw_archive: 10000
2017-05-10 22:44:24,134 | INFO | etl_control:51 | Writing to clean_staging: 10000
2017-05-10 22:44:26,003 | INFO | etl_control:59 | Deleted from STAGING: 10000
2017-05-10 22:44:26,003 | INFO | etl_control:31 | ETL batch: 200
2017-05-10 22:44:36,166 | INFO | etl_control:51 | Writing to raw_archive: 10000
2017-05-10 22:44:39,690 | INFO | etl_control:51 | Writing to clean_staging: 10000
2017-05-10 22:44:41,567 | INFO | etl_control:59 | Deleted from STAGING: 10000
2017-05-10 22:44:41,567 | INFO | etl_control:31 | ETL batch: 201
2017-05-10 22:44:51,842 | INFO | etl_control:51 | Writing to raw_archive: 10000
2017-05-10 22:44:55,382 | INFO | etl_control:51 | Writing to clean_staging: 10000
2017-05-10 22:44:57,216 | INFO | etl_control:59 | Deleted from STAGING: 10000
2017-05-10 22:44:57,217 | INFO | etl_control:31 | ETL batch: 202
2017-05-10 22:45:07,545 | INFO | etl_control:51 | Writing to raw_archive: 10000
2017-05-10 22:45:11,003 | INFO | etl_control:51 | Writing to clean_staging: 10000
2017-05-10 22:45:12,812 | INFO | etl_control:59 | Deleted from STAGING: 10000
2017-05-10 22:45:12,812 | INFO | etl_control:31 | ETL batch: 203
2017-05-10 22:45:22,770 | INFO | etl_control:51 | Writing to raw_archive: 10000
2017-05-10 22:45:26,323 | INFO | etl_control:51 | Writing to clean_staging: 10000
2017-05-10 22:45:28,180 | INFO | etl_control:59 | Deleted from STAGING: 10000
2017-05-10 22:45:28,180 | INFO | etl_control:31 | ETL batch: 204
2017-05-10 22:45:38,420 | INFO | etl_control:51 | Writing to raw_archive: 10000
2017-05-10 22:45:41,955 | INFO | etl_control:51 | Writing to clean_staging: 10000
2017-05-10 22:45:43,800 | INFO | etl_control:59 | Deleted from STAGING: 10000
2017-05-10 22:45:43,800 | INFO | etl_control:31 | ETL batch: 205
2017-05-10 22:45:54,167 | INFO | etl_control:51 | Writing to raw_archive: 10000
2017-05-10 22:45:57,707 | INFO | etl_control:51 | Writing to clean_staging: 10000
2017-05-10 22:45:59,641 | INFO | etl_control:59 | Deleted from STAGING: 10000
2017-05-10 22:45:59,641 | INFO | etl_control:31 | ETL batch: 206
2017-05-10 22:46:09,797 | INFO | etl_control:51 | Writing to raw_archive: 10000
2017-05-10 22:46:13,427 | INFO | etl_control:51 | Writing to clean_staging: 10000
2017-05-10 22:46:15,255 | INFO | etl_control:59 | Deleted from STAGING: 10000
2017-05-10 22:46:15,255 | INFO | etl_control:31 | ETL batch: 207
2017-05-10 22:46:25,294 | INFO | etl_control:51 | Writing to raw_archive: 10000
2017-05-10 22:46:28,896 | INFO | etl_control:51 | Writing to clean_staging: 10000
2017-05-10 22:46:30,750 | INFO | etl_control:59 | Deleted from STAGING: 10000
2017-05-10 22:46:30,751 | INFO | etl_control:31 | ETL batch: 208
2017-05-10 22:46:40,935 | INFO | etl_control:51 | Writing to raw_archive: 10000
2017-05-10 22:46:44,520 | INFO | etl_control:51 | Writing to clean_staging: 10000
2017-05-10 22:46:46,382 | INFO | etl_control:59 | Deleted from STAGING: 10000
2017-05-10 22:46:46,382 | INFO | etl_control:31 | ETL batch: 209
2017-05-10 22:46:56,939 | INFO | etl_control:51 | Writing to raw_archive: 10000
2017-05-10 22:47:00,551 | INFO | etl_control:51 | Writing to clean_staging: 10000
2017-05-10 22:47:02,469 | INFO | etl_control:59 | Deleted from STAGING: 10000
2017-05-10 22:47:02,470 | INFO | etl_control:31 | ETL batch: 210
2017-05-10 22:47:04,214 | INFO | etl_control:51 | Writing to raw_archive: 306
2017-05-10 22:47:05,688 | INFO | etl_control:51 | Writing to clean_staging: 306
2017-05-10 22:47:05,922 | INFO | etl_control:59 | Deleted from STAGING: 306
2017-05-10 22:47:05,922 | INFO | etl_control:31 | ETL batch: 211

Process finished with exit code 0
