➜  stocktwits mongoimport -d star_raw -c raw_staging --file stocktwits_messages_dec_2014.json && mongoimport -d star_raw -c raw_staging --file stocktwits_messages_jan_2015.json
2017-05-10T17:50:34.272+0100	connected to: localhost
2017-05-10T17:50:37.268+0100	[#.......................] star_raw.raw_staging	84.1MB/1.19GB (6.9%)
2017-05-10T17:50:40.268+0100	[###.....................] star_raw.raw_staging	168MB/1.19GB (13.8%)
2017-05-10T17:50:43.269+0100	[####....................] star_raw.raw_staging	251MB/1.19GB (20.6%)
2017-05-10T17:50:46.268+0100	[######..................] star_raw.raw_staging	334MB/1.19GB (27.5%)
2017-05-10T17:50:49.268+0100	[########................] star_raw.raw_staging	417MB/1.19GB (34.3%)
2017-05-10T17:50:52.268+0100	[#########...............] star_raw.raw_staging	499MB/1.19GB (41.0%)
2017-05-10T17:50:55.268+0100	[###########.............] star_raw.raw_staging	582MB/1.19GB (47.9%)
2017-05-10T17:50:58.268+0100	[#############...........] star_raw.raw_staging	665MB/1.19GB (54.7%)
2017-05-10T17:51:01.268+0100	[##############..........] star_raw.raw_staging	750MB/1.19GB (61.7%)
2017-05-10T17:51:04.268+0100	[################........] star_raw.raw_staging	833MB/1.19GB (68.5%)
2017-05-10T17:51:07.268+0100	[#################.......] star_raw.raw_staging	874MB/1.19GB (71.9%)
2017-05-10T17:51:10.268+0100	[##################......] star_raw.raw_staging	956MB/1.19GB (78.6%)
2017-05-10T17:51:13.269+0100	[####################....] star_raw.raw_staging	1.01GB/1.19GB (84.9%)
2017-05-10T17:51:16.268+0100	[#####################...] star_raw.raw_staging	1.08GB/1.19GB (91.2%)
2017-05-10T17:51:19.268+0100	[#######################.] star_raw.raw_staging	1.16GB/1.19GB (97.6%)
2017-05-10T17:51:20.391+0100	[########################] star_raw.raw_staging	1.19GB/1.19GB (100.0%)
2017-05-10T17:51:20.391+0100	imported 944311 documents
2017-05-10T17:51:20.398+0100	connected to: localhost
2017-05-10T17:51:23.398+0100	[#.......................] star_raw.raw_staging	76.1MB/1.43GB (5.2%)
2017-05-10T17:51:26.398+0100	[##......................] star_raw.raw_staging	155MB/1.43GB (10.5%)
2017-05-10T17:51:29.398+0100	[###.....................] star_raw.raw_staging	233MB/1.43GB (15.9%)
2017-05-10T17:51:32.398+0100	[####....................] star_raw.raw_staging	303MB/1.43GB (20.7%)
2017-05-10T17:51:35.398+0100	[######..................] star_raw.raw_staging	384MB/1.43GB (26.2%)
2017-05-10T17:51:38.399+0100	[#######.................] star_raw.raw_staging	461MB/1.43GB (31.4%)
2017-05-10T17:51:41.399+0100	[########................] star_raw.raw_staging	537MB/1.43GB (36.6%)
2017-05-10T17:51:44.398+0100	[##########..............] star_raw.raw_staging	618MB/1.43GB (42.1%)
2017-05-10T17:51:47.399+0100	[###########.............] star_raw.raw_staging	698MB/1.43GB (47.6%)
2017-05-10T17:51:50.398+0100	[############............] star_raw.raw_staging	778MB/1.43GB (53.0%)
2017-05-10T17:51:53.398+0100	[##############..........] star_raw.raw_staging	857MB/1.43GB (58.4%)
2017-05-10T17:51:56.398+0100	[##############..........] star_raw.raw_staging	893MB/1.43GB (60.9%)
2017-05-10T17:51:59.398+0100	[###############.........] star_raw.raw_staging	962MB/1.43GB (65.6%)
2017-05-10T17:52:02.398+0100	[#################.......] star_raw.raw_staging	1.02GB/1.43GB (71.1%)
2017-05-10T17:52:05.398+0100	[##################......] star_raw.raw_staging	1.10GB/1.43GB (76.5%)
2017-05-10T17:52:08.398+0100	[###################.....] star_raw.raw_staging	1.17GB/1.43GB (81.4%)
2017-05-10T17:52:11.398+0100	[####################....] star_raw.raw_staging	1.22GB/1.43GB (85.4%)
2017-05-10T17:52:14.398+0100	[#####################...] star_raw.raw_staging	1.30GB/1.43GB (90.9%)
2017-05-10T17:52:17.398+0100	[#######################.] star_raw.raw_staging	1.38GB/1.43GB (96.2%)
2017-05-10T17:52:19.428+0100	[########################] star_raw.raw_staging	1.43GB/1.43GB (100.0%)
2017-05-10T17:52:19.428+0100	imported 1145995 documents
➜  stocktwits
➜  stocktwits mongoimport -d star_raw -c raw_staging --file stocktwits_messages_dec_2014.json > mongoimport_stocktwits_messages_dec_2014.out && mongoimport -d star_raw -c raw_staging --file stocktwits_messages_jan_2015.json > mongoimport_stocktwits_messages_jan_2015.out
2017-05-10T18:00:53.556+0100	connected to: localhost
2017-05-10T18:00:56.555+0100	[#.......................] star_raw.raw_staging	87.3MB/1.19GB (7.2%)
2017-05-10T18:00:59.555+0100	[###.....................] star_raw.raw_staging	174MB/1.19GB (14.3%)
2017-05-10T18:01:02.555+0100	[#####...................] star_raw.raw_staging	265MB/1.19GB (21.8%)
2017-05-10T18:01:05.555+0100	[######..................] star_raw.raw_staging	354MB/1.19GB (29.1%)
2017-05-10T18:01:08.555+0100	[########................] star_raw.raw_staging	440MB/1.19GB (36.2%)
2017-05-10T18:01:11.555+0100	[##########..............] star_raw.raw_staging	526MB/1.19GB (43.3%)
2017-05-10T18:01:14.555+0100	[############............] star_raw.raw_staging	611MB/1.19GB (50.2%)
2017-05-10T18:01:17.555+0100	[#############...........] star_raw.raw_staging	698MB/1.19GB (57.4%)
2017-05-10T18:01:20.555+0100	[###############.........] star_raw.raw_staging	783MB/1.19GB (64.4%)
2017-05-10T18:01:23.555+0100	[#################.......] star_raw.raw_staging	868MB/1.19GB (71.4%)
2017-05-10T18:01:26.555+0100	[##################......] star_raw.raw_staging	956MB/1.19GB (78.6%)
2017-05-10T18:01:29.555+0100	[####################....] star_raw.raw_staging	1.01GB/1.19GB (85.3%)
2017-05-10T18:01:32.555+0100	[######################..] star_raw.raw_staging	1.09GB/1.19GB (92.2%)
2017-05-10T18:01:35.555+0100	[#######################.] star_raw.raw_staging	1.17GB/1.19GB (98.8%)
2017-05-10T18:01:36.067+0100	[########################] star_raw.raw_staging	1.19GB/1.19GB (100.0%)
2017-05-10T18:01:36.067+0100	imported 944311 documents
2017-05-10T18:01:36.075+0100	connected to: localhost
2017-05-10T18:01:39.074+0100	[#.......................] star_raw.raw_staging	86.5MB/1.43GB (5.9%)
2017-05-10T18:01:42.074+0100	[##......................] star_raw.raw_staging	172MB/1.43GB (11.7%)
2017-05-10T18:01:45.074+0100	[####....................] star_raw.raw_staging	250MB/1.43GB (17.0%)
2017-05-10T18:01:48.074+0100	[#####...................] star_raw.raw_staging	334MB/1.43GB (22.7%)
2017-05-10T18:01:51.074+0100	[######..................] star_raw.raw_staging	422MB/1.43GB (28.7%)
2017-05-10T18:01:54.074+0100	[########................] star_raw.raw_staging	505MB/1.43GB (34.4%)
2017-05-10T18:01:57.074+0100	[#########...............] star_raw.raw_staging	590MB/1.43GB (40.2%)
2017-05-10T18:02:00.075+0100	[###########.............] star_raw.raw_staging	676MB/1.43GB (46.1%)
2017-05-10T18:02:03.074+0100	[############............] star_raw.raw_staging	763MB/1.43GB (52.0%)
2017-05-10T18:02:06.074+0100	[#############...........] star_raw.raw_staging	851MB/1.43GB (58.0%)
2017-05-10T18:02:09.074+0100	[###############.........] star_raw.raw_staging	937MB/1.43GB (63.8%)
2017-05-10T18:02:12.074+0100	[################........] star_raw.raw_staging	1020MB/1.43GB (69.5%)
2017-05-10T18:02:15.074+0100	[#################.......] star_raw.raw_staging	1.07GB/1.43GB (75.0%)
2017-05-10T18:02:18.074+0100	[##################......] star_raw.raw_staging	1.13GB/1.43GB (78.5%)
2017-05-10T18:02:21.074+0100	[####################....] star_raw.raw_staging	1.21GB/1.43GB (84.3%)
2017-05-10T18:02:24.074+0100	[#####################...] star_raw.raw_staging	1.29GB/1.43GB (90.0%)
2017-05-10T18:02:27.074+0100	[######################..] star_raw.raw_staging	1.37GB/1.43GB (95.8%)
2017-05-10T18:02:29.270+0100	[########################] star_raw.raw_staging	1.43GB/1.43GB (100.0%)
2017-05-10T18:02:29.270+0100	imported 1145995 documents
